[0m13:28:18.906607 [debug] [MainThread]: Got an exception trying to initialize tracking


============================== 13:28:18.954339 | 4120dee5-597c-4f8d-99c6-b2901dd4e724 ==============================
[0m13:28:18.954339 [info ] [MainThread]: Running with dbt=1.7.19
[0m13:28:18.955336 [debug] [MainThread]: running dbt with arguments {'printer_width': '80', 'indirect_selection': 'eager', 'log_cache_events': 'False', 'write_json': 'True', 'partial_parse': 'True', 'cache_selected_only': 'False', 'profiles_dir': 'C:\\Users\\vinay\\.dbt', 'fail_fast': 'False', 'version_check': 'True', 'log_path': 'logs', 'warn_error': 'None', 'debug': 'False', 'use_colors': 'True', 'use_experimental_parser': 'False', 'no_print': 'None', 'quiet': 'False', 'log_format': 'default', 'invocation_command': 'dbt init dbt_project', 'introspect': 'True', 'warn_error_options': 'WarnErrorOptions(include=[], exclude=[])', 'target_path': 'None', 'static_parser': 'True', 'send_anonymous_usage_stats': 'True'}
[0m13:28:18.956336 [debug] [MainThread]: Starter project path: C:\Users\vinay\Desktop\github\search_ads_growth_analytics_platform\venv\lib\site-packages\dbt\include\starter_project
[0m13:28:18.965342 [info ] [MainThread]: 
Your new dbt project "dbt_project" was created!

For more information on how to configure the profiles.yml file,
please consult the dbt documentation here:

  https://docs.getdbt.com/docs/configure-your-profile

One more thing:

Need help? Don't hesitate to reach out to us via GitHub issues or on Slack:

  https://community.getdbt.com/

Happy modeling!

[0m13:28:18.965342 [info ] [MainThread]: Setting up your profile.
[0m13:31:43.770225 [info ] [MainThread]: Profile dbt_project written to C:\Users\vinay\.dbt\profiles.yml using target's profile_template.yml and your supplied values. Run 'dbt debug' to validate the connection.
[0m13:31:43.771225 [debug] [MainThread]: Command `dbt init` succeeded at 13:31:43.770225 after 204.89 seconds
[0m13:31:43.771225 [debug] [MainThread]: Flushing usage events
{"data":{"log_version":3,"version":"=2.0.0-preview.173"},"info":{"category":"","code":"A001","extra":{},"invocation_id":"019de412-a8b7-7f32-84dd-65e47dfb1e97","level":"info","msg":"Running with dbt-fusion=2.0.0-preview.173","name":"MainReportVersion","pid":56620,"thread":"tokio-rt-worker","ts":"2026-05-01T15:05:21.363113Z"}}
{"data":{"args":{"debug":"false","invocation_command":"C:\\Users\\vinay\\.local\\bin\\dbt.exe license info --json --log-format json","log_format":"json","quiet":"false","write_json":"true"}},"info":{"category":"","code":"A002","extra":{},"invocation_id":"019de412-a8b7-7f32-84dd-65e47dfb1e97","level":"debug","msg":"running dbt-fusion with argumets {\"command\":\"license\",\"vars\":\"{}\",\"limit\":\"10\",\"debug\":false,\"log_format\":\"json\",\"quiet\":false,\"write_json\":true,\"write_catalog\":false}","name":"MainReportArgs","pid":56620,"thread":"tokio-rt-worker","ts":"2026-05-01T15:05:21.363333Z"}}
{"data":{},"info":{"category":"","code":"","extra":{},"invocation_id":"019de412-a8b7-7f32-84dd-65e47dfb1e97","level":"debug","msg":"No active cloud project configured, skipping remote license","name":"Generic","pid":56620,"thread":"tokio-rt-worker","ts":"2026-05-01T15:05:21.370146Z"}}
{"data":{"columns":[],"is_inline":true,"node_name":"license_info","output_format":"json","preview":"{\n  \"status\": \"not_found\",\n  \"licensing_enabled\": true\n}","unique_id":"license.info"},"info":{"category":"","code":"Q041","extra":{},"invocation_id":"019de412-a8b7-7f32-84dd-65e47dfb1e97","level":"info","msg":"{\n  \"status\": \"not_found\",\n  \"licensing_enabled\": true\n}","name":"ShowNode","pid":56620,"thread":"tokio-rt-worker","ts":"2026-05-01T15:05:21.371464Z"}}
{"data":{"completed_at":"2026-05-01T15:05:21.615642Z","elapsed":0.25479719042778015,"success":true},"info":{"category":"","code":"Q039","extra":{},"invocation_id":"019de412-a8b7-7f32-84dd-65e47dfb1e97","level":"info","msg":"\n==================== Execution Summary =====================\nFinished 'license' successfully [254ms]","name":"CommandCompleted","pid":56620,"thread":"tokio-rt-worker","ts":"2026-05-01T15:05:21.616982Z"}}
